0 info it worked if it ends with ok
1 verbose cli [ 'node', '/usr/local/bin/npm', 'install', '-g', 'karma' ]
2 info using npm@1.4.14
3 info using node@v0.10.29
4 verbose cache add [ 'karma', null ]
5 verbose cache add name=undefined spec="karma" args=["karma",null]
6 verbose parsed url { protocol: null,
6 verbose parsed url   slashes: null,
6 verbose parsed url   auth: null,
6 verbose parsed url   host: null,
6 verbose parsed url   port: null,
6 verbose parsed url   hostname: null,
6 verbose parsed url   hash: null,
6 verbose parsed url   search: null,
6 verbose parsed url   query: null,
6 verbose parsed url   pathname: 'karma',
6 verbose parsed url   path: 'karma',
6 verbose parsed url   href: 'karma' }
7 silly lockFile 512423cb-karma karma
8 verbose lock karma /Users/370322/.npm/512423cb-karma.lock
9 silly lockFile 512423cb-karma karma
10 silly lockFile 512423cb-karma karma
11 verbose addNamed [ 'karma', '' ]
12 verbose addNamed [ null, '*' ]
13 silly lockFile cd7961bb-karma karma@
14 verbose lock karma@ /Users/370322/.npm/cd7961bb-karma.lock
15 silly addNameRange { name: 'karma', range: '*', hasData: false }
16 verbose url raw karma
17 verbose url resolving [ 'https://registry.npmjs.org/', './karma' ]
18 verbose url resolved https://registry.npmjs.org/karma
19 info trying registry request attempt 1 at 11:13:16
20 verbose etag "6DEIVHI0P5DF0XWGN6SCJE26O"
21 http GET https://registry.npmjs.org/karma
22 http 304 https://registry.npmjs.org/karma
23 silly registry.get cb [ 304,
23 silly registry.get   { date: 'Sat, 27 Sep 2014 05:43:21 GMT',
23 silly registry.get     server: 'Apache',
23 silly registry.get     via: '1.1 varnish',
23 silly registry.get     'last-modified': 'Sat, 27 Sep 2014 05:42:56 GMT',
23 silly registry.get     'cache-control': 'max-age=60',
23 silly registry.get     etag: '"6DEIVHI0P5DF0XWGN6SCJE26O"',
23 silly registry.get     'x-served-by': 'cache-sjc3127-SJC',
23 silly registry.get     'x-cache': 'HIT',
23 silly registry.get     'x-cache-hits': '2',
23 silly registry.get     'x-timer': 'S1411796601.025447,VS0,VE0',
23 silly registry.get     vary: 'Accept',
23 silly registry.get     'content-length': '0',
23 silly registry.get     'keep-alive': 'timeout=10, max=50',
23 silly registry.get     connection: 'Keep-Alive' } ]
24 verbose etag karma from cache
25 silly addNameRange number 2 { name: 'karma', range: '*', hasData: true }
26 silly addNameRange versions [ 'karma',
26 silly addNameRange   [ '0.8.0',
26 silly addNameRange     '0.9.0-dart',
26 silly addNameRange     '0.8.1',
26 silly addNameRange     '0.8.2',
26 silly addNameRange     '0.8.3',
26 silly addNameRange     '0.9.0',
26 silly addNameRange     '0.8.4',
26 silly addNameRange     '0.9.1',
26 silly addNameRange     '0.8.5',
26 silly addNameRange     '0.9.2',
26 silly addNameRange     '0.9.2-dart',
26 silly addNameRange     '0.9.3',
26 silly addNameRange     '0.8.6',
26 silly addNameRange     '0.9.4',
26 silly addNameRange     '0.8.7',
26 silly addNameRange     '0.9.5',
26 silly addNameRange     '0.9.6',
26 silly addNameRange     '0.8.8',
26 silly addNameRange     '0.9.7',
26 silly addNameRange     '0.9.8',
26 silly addNameRange     '0.10.0',
26 silly addNameRange     '0.10.1',
26 silly addNameRange     '0.10.2',
26 silly addNameRange     '0.11.0',
26 silly addNameRange     '0.11.1',
26 silly addNameRange     '0.10.3',
26 silly addNameRange     '0.10.4',
26 silly addNameRange     '0.11.2',
26 silly addNameRange     '0.11.3',
26 silly addNameRange     '0.10.5',
26 silly addNameRange     '0.11.4',
26 silly addNameRange     '0.11.5',
26 silly addNameRange     '0.10.6',
26 silly addNameRange     '0.11.6',
26 silly addNameRange     '0.10.7',
26 silly addNameRange     '0.11.7',
26 silly addNameRange     '0.11.8',
26 silly addNameRange     '0.11.9',
26 silly addNameRange     '0.10.8',
26 silly addNameRange     '0.11.10',
26 silly addNameRange     '0.11.11',
26 silly addNameRange     '0.11.12',
26 silly addNameRange     '0.11.11-dev',
26 silly addNameRange     '0.10.9',
26 silly addNameRange     '0.11.12-dev',
26 silly addNameRange     '0.11.12-dev2',
26 silly addNameRange     '0.11.13',
26 silly addNameRange     '0.11.14',
26 silly addNameRange     '0.12.0',
26 silly addNameRange     '0.10.10',
26 silly addNameRange     '0.12.1',
26 silly addNameRange     '0.12.2',
26 silly addNameRange     '0.12.3',
26 silly addNameRange     '0.12.4',
26 silly addNameRange     '0.12.5',
26 silly addNameRange     '0.12.6',
26 silly addNameRange     '0.12.6-beta-43e6e28',
26 silly addNameRange     '0.12.7',
26 silly addNameRange     '0.12.8',
26 silly addNameRange     '0.12.9',
26 silly addNameRange     '0.12.10',
26 silly addNameRange     '0.12.11',
26 silly addNameRange     '0.12.12',
26 silly addNameRange     '0.12.11-beta-3029418',
26 silly addNameRange     '0.12.13',
26 silly addNameRange     '0.12.14',
26 silly addNameRange     '0.12.15',
26 silly addNameRange     '0.12.16',
26 silly addNameRange     '0.12.16-beta-905422d',
26 silly addNameRange     '0.12.17',
26 silly addNameRange     '0.12.18',
26 silly addNameRange     '0.12.19',
26 silly addNameRange     '0.12.20',
26 silly addNameRange     '0.12.21',
26 silly addNameRange     '0.12.22',
26 silly addNameRange     '0.12.23' ] ]
27 verbose addNamed [ 'karma', '0.12.23' ]
28 verbose addNamed [ '0.12.23', '0.12.23' ]
29 silly lockFile 811e2d7d-karma-0-12-23 karma@0.12.23
30 verbose lock karma@0.12.23 /Users/370322/.npm/811e2d7d-karma-0-12-23.lock
31 silly lockFile 811e2d7d-karma-0-12-23 karma@0.12.23
32 silly lockFile 811e2d7d-karma-0-12-23 karma@0.12.23
33 silly lockFile cd7961bb-karma karma@
34 silly lockFile cd7961bb-karma karma@
35 silly resolved [ { name: 'karma',
35 silly resolved     description: 'Spectacular Test Runner for JavaScript.',
35 silly resolved     homepage: 'http://karma-runner.github.io/',
35 silly resolved     repository: { type: 'git', url: 'git://github.com/karma-runner/karma.git' },
35 silly resolved     bugs: { url: 'https://github.com/karma-runner/karma/issues' },
35 silly resolved     keywords:
35 silly resolved      [ 'karma',
35 silly resolved        'spectacular',
35 silly resolved        'runner',
35 silly resolved        'karma',
35 silly resolved        'js',
35 silly resolved        'javascript',
35 silly resolved        'testing',
35 silly resolved        'test',
35 silly resolved        'remote',
35 silly resolved        'execution' ],
35 silly resolved     author: { name: 'Vojta Jína', email: 'vojta.jina@gmail.com' },
35 silly resolved     contributors:
35 silly resolved      [ [Object],
35 silly resolved        [Object],
35 silly resolved        [Object],
35 silly resolved        [Object],
35 silly resolved        [Object],
35 silly resolved        [Object],
35 silly resolved        [Object],
35 silly resolved        [Object],
35 silly resolved        [Object],
35 silly resolved        [Object],
35 silly resolved        [Object],
35 silly resolved        [Object],
35 silly resolved        [Object],
35 silly resolved        [Object],
35 silly resolved        [Object],
35 silly resolved        [Object],
35 silly resolved        [Object],
35 silly resolved        [Object],
35 silly resolved        [Object],
35 silly resolved        [Object],
35 silly resolved        [Object],
35 silly resolved        [Object],
35 silly resolved        [Object],
35 silly resolved        [Object],
35 silly resolved        [Object],
35 silly resolved        [Object],
35 silly resolved        [Object],
35 silly resolved        [Object],
35 silly resolved        [Object],
35 silly resolved        [Object],
35 silly resolved        [Object],
35 silly resolved        [Object],
35 silly resolved        [Object],
35 silly resolved        [Object],
35 silly resolved        [Object],
35 silly resolved        [Object],
35 silly resolved        [Object],
35 silly resolved        [Object],
35 silly resolved        [Object],
35 silly resolved        [Object],
35 silly resolved        [Object],
35 silly resolved        [Object],
35 silly resolved        [Object],
35 silly resolved        [Object],
35 silly resolved        [Object],
35 silly resolved        [Object],
35 silly resolved        [Object],
35 silly resolved        [Object],
35 silly resolved        [Object],
35 silly resolved        [Object],
35 silly resolved        [Object],
35 silly resolved        [Object],
35 silly resolved        [Object],
35 silly resolved        [Object],
35 silly resolved        [Object],
35 silly resolved        [Object],
35 silly resolved        [Object],
35 silly resolved        [Object],
35 silly resolved        [Object],
35 silly resolved        [Object],
35 silly resolved        [Object],
35 silly resolved        [Object],
35 silly resolved        [Object],
35 silly resolved        [Object],
35 silly resolved        [Object],
35 silly resolved        [Object],
35 silly resolved        [Object],
35 silly resolved        [Object],
35 silly resolved        [Object],
35 silly resolved        [Object],
35 silly resolved        [Object],
35 silly resolved        [Object],
35 silly resolved        [Object],
35 silly resolved        [Object],
35 silly resolved        [Object],
35 silly resolved        [Object],
35 silly resolved        [Object],
35 silly resolved        [Object],
35 silly resolved        [Object],
35 silly resolved        [Object],
35 silly resolved        [Object],
35 silly resolved        [Object],
35 silly resolved        [Object],
35 silly resolved        [Object],
35 silly resolved        [Object],
35 silly resolved        [Object],
35 silly resolved        [Object],
35 silly resolved        [Object],
35 silly resolved        [Object],
35 silly resolved        [Object],
35 silly resolved        [Object],
35 silly resolved        [Object],
35 silly resolved        [Object],
35 silly resolved        [Object],
35 silly resolved        [Object],
35 silly resolved        [Object],
35 silly resolved        [Object],
35 silly resolved        [Object],
35 silly resolved        [Object],
35 silly resolved        [Object],
35 silly resolved        [Object] ],
35 silly resolved     dependencies:
35 silly resolved      { di: '~0.0.1',
35 silly resolved        'socket.io': '~0.9.13',
35 silly resolved        chokidar: '>=0.8.2',
35 silly resolved        glob: '~3.2.7',
35 silly resolved        minimatch: '~0.2',
35 silly resolved        'http-proxy': '~0.10',
35 silly resolved        optimist: '~0.6.0',
35 silly resolved        rimraf: '~2.2.5',
35 silly resolved        q: '~0.9.7',
35 silly resolved        colors: '~0.6.2',
35 silly resolved        lodash: '~2.4.1',
35 silly resolved        mime: '~1.2.11',
35 silly resolved        log4js: '~0.6.3',
35 silly resolved        useragent: '~2.0.4',
35 silly resolved        'graceful-fs': '~2.0.1',
35 silly resolved        connect: '~2.12.0',
35 silly resolved        'source-map': '~0.1.31' },
35 silly resolved     devDependencies:
35 silly resolved      { grunt: '~0.4',
35 silly resolved        'grunt-simple-mocha': '*',
35 silly resolved        'grunt-contrib-jshint': '~0.10.0',
35 silly resolved        'grunt-contrib-watch': '~0.6.1',
35 silly resolved        'grunt-coffeelint': '~0.0.6',
35 silly resolved        'grunt-npm': '~0.0.1',
35 silly resolved        'grunt-bump': '~0.0.10',
35 silly resolved        'grunt-conventional-changelog': '~1.1.0',
35 silly resolved        'grunt-auto-release': '~0.0.3',
35 silly resolved        'grunt-browserify': '~2.1.3',
35 silly resolved        'load-grunt-tasks': '~0.6.0',
35 silly resolved        mocks: '~0.0.10',
35 silly resolved        which: '~1.0',
35 silly resolved        mocha: '~1.20.1',
35 silly resolved        chai: '~1.9.1',
35 silly resolved        'chai-as-promised': '~4.1.0',
35 silly resolved        sinon: '~1.10.3',
35 silly resolved        'sinon-chai': '~2.5.0',
35 silly resolved        'timer-shim': '~0.3.0',
35 silly resolved        'karma-jasmine': '~0.1.0',
35 silly resolved        'karma-mocha': '*',
35 silly resolved        'karma-qunit': '*',
35 silly resolved        'karma-coverage': '*',
35 silly resolved        'karma-requirejs': '*',
35 silly resolved        'karma-commonjs': '*',
35 silly resolved        'karma-growl-reporter': '*',
35 silly resolved        'karma-junit-reporter': '*',
35 silly resolved        'karma-chrome-launcher': '*',
35 silly resolved        'karma-firefox-launcher': '*',
35 silly resolved        'karma-sauce-launcher': '*',
35 silly resolved        'karma-phantomjs-launcher': '*',
35 silly resolved        'karma-ng-scenario': '*',
35 silly resolved        'karma-coffee-preprocessor': '*',
35 silly resolved        'karma-live-preprocessor': '*',
35 silly resolved        'karma-html2js-preprocessor': '*',
35 silly resolved        'karma-browserstack-launcher': '*',
35 silly resolved        LiveScript: '~1.2.0',
35 silly resolved        'coffee-errors': '~0.8.6',
35 silly resolved        'coffee-script': '~1.7.1',
35 silly resolved        'grunt-jscs-checker': '~0.6.1' },
35 silly resolved     main: './lib/index',
35 silly resolved     bin: {},
35 silly resolved     engines: { node: '~0.8 || ~0.10' },
35 silly resolved     version: '0.12.23',
35 silly resolved     license: 'MIT',
35 silly resolved     gitHead: '709fe6d1e7f8e2e21304a5498fa1fa8d354fa2b2',
35 silly resolved     _id: 'karma@0.12.23',
35 silly resolved     scripts: {},
35 silly resolved     _shasum: '2a01041019234f76f59b8c7c2128f06c839fe8c3',
35 silly resolved     _from: 'karma@',
35 silly resolved     _npmVersion: '1.4.24',
35 silly resolved     _npmUser: { name: 'karmarunnerbot', email: 'karmarunnerbot@gmail.com' },
35 silly resolved     maintainers: [ [Object], [Object] ],
35 silly resolved     dist:
35 silly resolved      { shasum: '2a01041019234f76f59b8c7c2128f06c839fe8c3',
35 silly resolved        tarball: 'http://registry.npmjs.org/karma/-/karma-0.12.23.tgz' },
35 silly resolved     directories: {},
35 silly resolved     _resolved: 'https://registry.npmjs.org/karma/-/karma-0.12.23.tgz',
35 silly resolved     readme: 'ERROR: No README data found!' } ]
36 info install karma@0.12.23 into /usr/local/lib
37 info installOne karma@0.12.23
38 info /usr/local/lib/node_modules/karma unbuild
39 verbose tar unpack /Users/370322/.npm/karma/0.12.23/package.tgz
40 silly lockFile 17d8f24c-usr-local-lib-node-modules-karma tar:///usr/local/lib/node_modules/karma
41 verbose lock tar:///usr/local/lib/node_modules/karma /Users/370322/.npm/17d8f24c-usr-local-lib-node-modules-karma.lock
42 silly lockFile 1a9cff04-22-npm-karma-0-12-23-package-tgz tar:///Users/370322/.npm/karma/0.12.23/package.tgz
43 verbose lock tar:///Users/370322/.npm/karma/0.12.23/package.tgz /Users/370322/.npm/1a9cff04-22-npm-karma-0-12-23-package-tgz.lock
44 silly gunzTarPerm modes [ '755', '644' ]
45 error Error: EACCES, mkdir '/usr/local/lib/node_modules/karma'
45 error  { [Error: EACCES, mkdir '/usr/local/lib/node_modules/karma']
45 error   errno: 3,
45 error   code: 'EACCES',
45 error   path: '/usr/local/lib/node_modules/karma',
45 error   fstream_type: 'Directory',
45 error   fstream_path: '/usr/local/lib/node_modules/karma',
45 error   fstream_class: 'DirWriter',
45 error   fstream_stack:
45 error    [ '/usr/local/lib/node_modules/npm/node_modules/fstream/lib/dir-writer.js:36:23',
45 error      '/usr/local/lib/node_modules/npm/node_modules/mkdirp/index.js:37:53',
45 error      'Object.oncomplete (fs.js:107:15)' ] }
46 error Please try running this command again as root/Administrator.
47 error System Darwin 13.3.0
48 error command "node" "/usr/local/bin/npm" "install" "-g" "karma"
49 error cwd /Users/370322/Desktop/Hackatone/PROJECT
50 error node -v v0.10.29
51 error npm -v 1.4.14
52 error path /usr/local/lib/node_modules/karma
53 error fstream_path /usr/local/lib/node_modules/karma
54 error fstream_type Directory
55 error fstream_class DirWriter
56 error code EACCES
57 error errno 3
58 error stack Error: EACCES, mkdir '/usr/local/lib/node_modules/karma'
59 error fstream_stack /usr/local/lib/node_modules/npm/node_modules/fstream/lib/dir-writer.js:36:23
59 error fstream_stack /usr/local/lib/node_modules/npm/node_modules/mkdirp/index.js:37:53
59 error fstream_stack Object.oncomplete (fs.js:107:15)
60 verbose exit [ 3, true ]
